2025-03-06T11:20:10: Existing data loaded successfully
2025-03-06T11:20:10: Existing data loaded successfully
2025-03-06T11:20:10: Existing data loaded successfully
2025-03-06T11:20:10: Existing data loaded successfully
2025-03-06T11:20:10: 🚀 Starting F2 Data Scraper Background Service
2025-03-06T11:20:10: ⏰ Service will run every 30 minutes
2025-03-06T11:20:10: 
2025-03-06T11:20:10: 📊 Starting scraping cycle at 11:20:10
2025-03-06T11:20:10: 
2025-03-06T11:20:10: 🔄 Starting Driver Standings scraper...
2025-03-06T11:20:20: Scraping data for year: 2017 from URL: https://web.archive.org/web/20171201034903/http://www.fiaformula2.com/Teams-and-Drivers
2025-03-06T11:20:20: Fetching data for seasonId: 174
2025-03-06T11:20:20: Browser instance created successfully
2025-03-06T11:20:20: Browser instance created successfully
2025-03-06T11:20:20: Browser instance created successfully
2025-03-06T11:20:20: New page created
2025-03-06T11:20:20: New page created
2025-03-06T11:20:20: New page created
2025-03-06T11:20:26: Existing data loaded successfully
2025-03-06T11:20:26: Existing data loaded successfully
2025-03-06T11:20:26: Existing data loaded successfully
2025-03-06T11:20:26: Existing data loaded successfully
2025-03-06T11:20:26: 🚀 Starting F2 Data Scraper Background Service
2025-03-06T11:20:26: ⏰ Service will run every 30 minutes
2025-03-06T11:20:26: 
2025-03-06T11:20:26: 📊 Starting scraping cycle at 11:20:26
2025-03-06T11:20:26: 
2025-03-06T11:20:26: 🔄 Starting Driver Standings scraper...
2025-03-06T11:20:26: Browser instance created successfully
2025-03-06T11:20:26: Browser instance created successfully
2025-03-06T11:20:26: Scraping data for year: 2017 from URL: https://web.archive.org/web/20171201034903/http://www.fiaformula2.com/Teams-and-Drivers
2025-03-06T11:20:26: New page created
2025-03-06T11:20:27: New page created
2025-03-06T11:20:27: Browser instance created successfully
2025-03-06T11:20:27: Fetching data for seasonId: 174
2025-03-06T11:20:27: New page created
2025-03-06T11:20:35: Page loaded successfully
2025-03-06T11:20:35: Content loaded successfully
2025-03-06T11:20:35: Data extracted successfully: { title: '2024 Team Standings', standings: [] }
2025-03-06T11:20:35: Browser closed
2025-03-06T11:20:35: New data scraped successfully
2025-03-06T11:20:35: Team standings data has been updated: C:\Users\parki\OneDrive\Documents\GitHub\formula-2-website-final-2\results\team-standings.json
2025-03-06T11:20:35: Fetching data for seasonId: 175
2025-03-06T11:20:37: Page loaded successfully
2025-03-06T11:20:37: Content loaded successfully
2025-03-06T11:20:37: Data extracted successfully: { title: '2024 Driver Standings', standings: [] }
2025-03-06T11:20:37: Browser closed
2025-03-06T11:20:37: New data scraped successfully
2025-03-06T11:20:37: Driver standings data has been updated: C:\Users\parki\OneDrive\Documents\GitHub\formula-2-website-final-2\results\driver-standings.json
2025-03-06T11:20:38: Page loaded successfully
2025-03-06T11:20:38: Content loaded successfully
2025-03-06T11:20:38: Data extracted successfully: { title: '2024 Driver Standings', standings: [] }
2025-03-06T11:20:38: Browser closed
2025-03-06T11:20:38: ✅ Driver Standings completed and saved successfully
2025-03-06T11:20:39: Fetching data for seasonId: 176
2025-03-06T11:20:40: 
2025-03-06T11:20:40: 🔄 Starting Team Standings scraper...
2025-03-06T11:20:40: Browser instance created successfully
2025-03-06T11:20:40: New page created
2025-03-06T11:20:42: Fetching data for seasonId: 177
2025-03-06T11:20:45: Fetching data for seasonId: 178
2025-03-06T11:20:46: Page loaded successfully
2025-03-06T11:20:46: Content loaded successfully
2025-03-06T11:20:46: Data extracted successfully: { title: '2024 Team Standings', standings: [] }
2025-03-06T11:20:46: Browser closed
2025-03-06T11:20:46: ✅ Team Standings completed and saved successfully
2025-03-06T11:20:48: Fetching data for seasonId: 179
2025-03-06T11:20:48: 
2025-03-06T11:20:48: 🔄 Starting Calendar scraper...
2025-03-06T11:20:48: Fetching data for seasonId: 174
2025-03-06T11:20:50: Scraping data for year: 2018 from URL: https://web.archive.org/web/20181109085950/http://www.fiaformula2.com/Teams-and-Drivers
2025-03-06T11:20:51: Fetching data for seasonId: 180
2025-03-06T11:20:52: Fetching data for seasonId: 175
2025-03-06T11:20:53: Fetching data for seasonId: 181
2025-03-06T11:20:54: Fetching data for seasonId: 176
2025-03-06T11:20:56: Fetching data for seasonId: 182
2025-03-06T11:20:56: Fetching data for seasonId: 177
2025-03-06T11:20:58: Fetching data for seasonId: 178
2025-03-06T11:21:00: Fetching data for seasonId: 179
2025-03-06T11:21:02: Fetching data for seasonId: 180
2025-03-06T11:21:04: Fetching data for seasonId: 181
2025-03-06T11:21:07: Fetching data for seasonId: 182
2025-03-06T11:21:09: Scraping data for year: 2019 from URL: https://web.archive.org/web/20190904102437/http://www.fiaformula2.com/Teams-and-Drivers
2025-03-06T11:21:24: Scraping data for year: 2020 from URL: https://web.archive.org/web/20201230055450/http://www.fiaformula2.com/Teams-and-Drivers
2025-03-06T11:21:57: No data found for seasonId: 182
2025-03-06T11:21:58: New data scraped successfully
2025-03-06T11:21:58: Calendar data has been updated: C:\Users\parki\OneDrive\Documents\GitHub\formula-2-website-final-2\results\calendar.json
2025-03-06T11:21:58: Scraping data for year: 2021 from URL: https://web.archive.org/web/20211203193245/http://www.fiaformula2.com/Teams-and-Drivers
2025-03-06T11:22:09: No data found for seasonId: 182
2025-03-06T11:22:09: ✅ Calendar completed and saved successfully
2025-03-06T11:22:11: 
2025-03-06T11:22:11: 🔄 Starting Teams and Drivers scraper...
2025-03-06T11:22:12: Scraping data for year: 2017 from URL: https://web.archive.org/web/20171201034903/http://www.fiaformula2.com/Teams-and-Drivers
2025-03-06T11:22:19: Scraping data for year: 2022 from URL: https://web.archive.org/web/20221209121832/http://www.fiaformula2.com/Teams-and-Drivers
2025-03-06T11:22:21: Scraping data for year: 2018 from URL: https://web.archive.org/web/20181109085950/http://www.fiaformula2.com/Teams-and-Drivers
2025-03-06T11:22:27: Scraping data for year: 2019 from URL: https://web.archive.org/web/20190904102437/http://www.fiaformula2.com/Teams-and-Drivers
2025-03-06T11:22:31: Scraping data for year: 2023 from URL: https://web.archive.org/web/20231203234515/http://www.fiaformula2.com/Teams-and-Drivers
2025-03-06T11:22:33: Scraping data for year: 2020 from URL: https://web.archive.org/web/20201230055450/http://www.fiaformula2.com/Teams-and-Drivers
2025-03-06T11:22:39: Scraping data for year: 2021 from URL: https://web.archive.org/web/20211203193245/http://www.fiaformula2.com/Teams-and-Drivers
2025-03-06T11:22:46: Scraping data for year: 2022 from URL: https://web.archive.org/web/20221209121832/http://www.fiaformula2.com/Teams-and-Drivers
2025-03-06T11:22:56: Scraping data for year: 2023 from URL: https://web.archive.org/web/20231203234515/http://www.fiaformula2.com/Teams-and-Drivers
2025-03-06T11:22:56: Scraping data for year: 2024 from URL: https://web.archive.org/web/20241203011952/http://www.fiaformula2.com/Teams-and-Drivers
2025-03-06T11:23:03: Scraping data for year: 2024 from URL: https://web.archive.org/web/20241203011952/http://www.fiaformula2.com/Teams-and-Drivers
2025-03-06T11:23:13: Scraping data for year: 2025 from URL: https://www.fiaformula2.com/Teams-and-Drivers
2025-03-06T11:23:16: Scraping data for year: 2025 from URL: https://www.fiaformula2.com/Teams-and-Drivers
2025-03-06T11:23:16: ✅ Teams and Drivers completed and saved successfully
2025-03-06T11:23:18: 
2025-03-06T11:23:18: ✨ Scraping cycle completed in 172.0 seconds
2025-03-06T11:23:18: 📅 Next update will start at 11:53:18
2025-03-06T11:23:18: 
2025-03-06T11:23:18: New data scraped successfully
2025-03-06T11:23:18: Teams and drivers data has been updated: C:\Users\parki\OneDrive\Documents\GitHub\formula-2-website-final-2\results\teams-and-drivers.json
2025-03-06T12:13:45: 🚀 Starting F2 Data Scraper Background Service
2025-03-06T12:13:45: ⏰ Service will run every 30 minutes
2025-03-06T12:13:45: 
2025-03-06T12:13:45: 📊 Starting scraping cycle at 12:13:45
2025-03-06T12:13:45: 
2025-03-06T12:13:45: 🔄 Starting Driver Standings scraper...
2025-03-06T12:13:45: Browser instance created successfully
2025-03-06T12:13:45: New page created
2025-03-06T12:13:49: Page loaded successfully
2025-03-06T12:13:49: Content loaded successfully
2025-03-06T12:13:49: Data extracted successfully: { title: '2024 Driver Standings', standings: [] }
2025-03-06T12:13:50: Browser closed
2025-03-06T12:13:50: ✅ Driver Standings completed and saved successfully
2025-03-06T12:13:52: 
2025-03-06T12:13:52: 🔄 Starting Team Standings scraper...
2025-03-06T12:13:52: Browser instance created successfully
2025-03-06T12:13:52: New page created
2025-03-06T12:13:57: Page loaded successfully
2025-03-06T12:13:57: Content loaded successfully
2025-03-06T12:13:57: Data extracted successfully: { title: '2024 Team Standings', standings: [] }
2025-03-06T12:13:57: Browser closed
2025-03-06T12:13:57: ✅ Team Standings completed and saved successfully
2025-03-06T12:13:59: 
2025-03-06T12:13:59: 🔄 Starting Calendar scraper...
2025-03-06T12:14:00: Fetching data for seasonId: 174
2025-03-06T12:14:03: Fetching data for seasonId: 175
2025-03-06T12:14:05: Fetching data for seasonId: 176
2025-03-06T12:14:07: Fetching data for seasonId: 177
2025-03-06T12:14:09: Fetching data for seasonId: 178
2025-03-06T12:14:11: Fetching data for seasonId: 179
2025-03-06T12:14:14: Fetching data for seasonId: 180
2025-03-06T12:14:16: Fetching data for seasonId: 181
2025-03-06T12:14:18: Fetching data for seasonId: 182
2025-03-06T12:15:19: No data found for seasonId: 182
2025-03-06T12:15:20: ✅ Calendar completed and saved successfully
2025-03-06T12:15:22: 
2025-03-06T12:15:22: 🔄 Starting Teams and Drivers scraper...
2025-03-06T12:15:22: Scraping data for year: 2017 from URL: https://web.archive.org/web/20171201034903/http://www.fiaformula2.com/Teams-and-Drivers
2025-03-06T12:15:49: Scraping data for year: 2018 from URL: https://web.archive.org/web/20181109085950/http://www.fiaformula2.com/Teams-and-Drivers
2025-03-06T12:16:12: Scraping data for year: 2019 from URL: https://web.archive.org/web/20190904102437/http://www.fiaformula2.com/Teams-and-Drivers
2025-03-06T12:16:33: Scraping data for year: 2020 from URL: https://web.archive.org/web/20201230055450/http://www.fiaformula2.com/Teams-and-Drivers
2025-03-06T12:17:08: Scraping data for year: 2021 from URL: https://web.archive.org/web/20211203193245/http://www.fiaformula2.com/Teams-and-Drivers
2025-03-06T12:17:28: Scraping data for year: 2022 from URL: https://web.archive.org/web/20221209121832/http://www.fiaformula2.com/Teams-and-Drivers
2025-03-06T12:17:54: Scraping data for year: 2023 from URL: https://web.archive.org/web/20231203234515/http://www.fiaformula2.com/Teams-and-Drivers
2025-03-06T12:18:15: Scraping data for year: 2024 from URL: https://web.archive.org/web/20241203011952/http://www.fiaformula2.com/Teams-and-Drivers
2025-03-06T12:18:39: Scraping data for year: 2025 from URL: https://www.fiaformula2.com/Teams-and-Drivers
2025-03-06T12:18:43: ✅ Teams and Drivers completed and saved successfully
2025-03-06T12:18:45: 
2025-03-06T12:18:45: ✨ Scraping cycle completed in 300.1 seconds
2025-03-06T12:18:45: 📅 Next update will start at 12:48:45
2025-03-06T12:18:45: 
2025-03-06T12:48:45: 
2025-03-06T12:48:45: 📊 Starting scraping cycle at 12:48:45
2025-03-06T12:48:45: 
2025-03-06T12:48:45: 🔄 Starting Driver Standings scraper...
2025-03-06T12:48:47: Browser instance created successfully
2025-03-06T12:48:47: New page created
2025-03-06T12:48:51: Page loaded successfully
2025-03-06T12:48:51: Content loaded successfully
2025-03-06T12:48:51: Data extracted successfully: { title: '2024 Driver Standings', standings: [] }
2025-03-06T12:48:51: Browser closed
2025-03-06T12:48:51: ✅ Driver Standings completed and saved successfully
2025-03-06T12:48:53: 
2025-03-06T12:48:53: 🔄 Starting Team Standings scraper...
2025-03-06T12:48:54: Browser instance created successfully
2025-03-06T12:48:54: New page created
2025-03-06T12:48:57: Page loaded successfully
2025-03-06T12:48:57: Content loaded successfully
2025-03-06T12:48:57: Data extracted successfully: { title: '2024 Team Standings', standings: [] }
2025-03-06T12:48:58: Browser closed
2025-03-06T12:48:58: ✅ Team Standings completed and saved successfully
2025-03-06T12:49:00: 
2025-03-06T12:49:00: 🔄 Starting Calendar scraper...
2025-03-06T12:49:00: Fetching data for seasonId: 174
2025-03-06T12:49:03: Fetching data for seasonId: 175
2025-03-06T12:49:05: Fetching data for seasonId: 176
2025-03-06T12:49:07: Fetching data for seasonId: 177
2025-03-06T12:49:09: Fetching data for seasonId: 178
2025-03-06T12:49:11: Fetching data for seasonId: 179
2025-03-06T12:49:13: Fetching data for seasonId: 180
2025-03-06T12:49:15: Fetching data for seasonId: 181
2025-03-06T12:49:17: Fetching data for seasonId: 182
2025-03-06T12:50:18: No data found for seasonId: 182
2025-03-06T12:50:19: ✅ Calendar completed and saved successfully
2025-03-06T12:50:21: 
2025-03-06T12:50:21: 🔄 Starting Teams and Drivers scraper...
2025-03-06T12:50:21: Scraping data for year: 2017 from URL: https://web.archive.org/web/20171201034903/http://www.fiaformula2.com/Teams-and-Drivers
2025-03-06T12:50:45: Scraping data for year: 2018 from URL: https://web.archive.org/web/20181109085950/http://www.fiaformula2.com/Teams-and-Drivers
2025-03-06T12:51:06: Scraping data for year: 2019 from URL: https://web.archive.org/web/20190904102437/http://www.fiaformula2.com/Teams-and-Drivers
2025-03-06T12:51:27: Scraping data for year: 2020 from URL: https://web.archive.org/web/20201230055450/http://www.fiaformula2.com/Teams-and-Drivers
2025-03-06T12:52:06: Scraping data for year: 2021 from URL: https://web.archive.org/web/20211203193245/http://www.fiaformula2.com/Teams-and-Drivers
2025-03-06T12:52:25: Scraping data for year: 2022 from URL: https://web.archive.org/web/20221209121832/http://www.fiaformula2.com/Teams-and-Drivers
2025-03-06T12:52:52: Scraping data for year: 2023 from URL: https://web.archive.org/web/20231203234515/http://www.fiaformula2.com/Teams-and-Drivers
2025-03-06T12:53:15: Scraping data for year: 2024 from URL: https://web.archive.org/web/20241203011952/http://www.fiaformula2.com/Teams-and-Drivers
2025-03-06T12:53:36: Scraping data for year: 2025 from URL: https://www.fiaformula2.com/Teams-and-Drivers
2025-03-06T12:53:39: ✅ Teams and Drivers completed and saved successfully
2025-03-06T12:53:41: 
2025-03-06T12:53:41: ✨ Scraping cycle completed in 296.2 seconds
2025-03-06T12:53:41: 📅 Next update will start at 13:23:41
2025-03-06T12:53:41: 
2025-03-06T13:18:45: 
2025-03-06T13:18:45: 📊 Starting scraping cycle at 13:18:45
2025-03-06T13:18:45: 
2025-03-06T13:18:45: 🔄 Starting Driver Standings scraper...
2025-03-06T13:18:45: Browser instance created successfully
2025-03-06T13:18:45: New page created
2025-03-06T13:18:48: Page loaded successfully
2025-03-06T13:18:48: Content loaded successfully
2025-03-06T13:18:48: Data extracted successfully: { title: '2024 Driver Standings', standings: [] }
2025-03-06T13:18:48: Browser closed
2025-03-06T13:18:48: ✅ Driver Standings completed and saved successfully
2025-03-06T13:18:50: 
2025-03-06T13:18:50: 🔄 Starting Team Standings scraper...
2025-03-06T13:18:50: Browser instance created successfully
2025-03-06T13:18:50: New page created
2025-03-06T13:18:52: Page loaded successfully
2025-03-06T13:18:52: Content loaded successfully
2025-03-06T13:18:52: Data extracted successfully: { title: '2024 Team Standings', standings: [] }
2025-03-06T13:18:53: Browser closed
2025-03-06T13:18:53: ✅ Team Standings completed and saved successfully
2025-03-06T13:18:55: 
2025-03-06T13:18:55: 🔄 Starting Calendar scraper...
2025-03-06T13:18:55: Fetching data for seasonId: 174
2025-03-06T13:18:57: Fetching data for seasonId: 175
2025-03-06T13:18:59: Fetching data for seasonId: 176
2025-03-06T13:19:01: Fetching data for seasonId: 177
2025-03-06T13:19:04: Fetching data for seasonId: 178
2025-03-06T13:19:06: Fetching data for seasonId: 179
2025-03-06T13:19:08: Fetching data for seasonId: 180
2025-03-06T13:19:10: Fetching data for seasonId: 181
2025-03-06T13:19:12: Fetching data for seasonId: 182
2025-03-06T13:20:15: No data found for seasonId: 182
2025-03-06T13:20:16: ✅ Calendar completed and saved successfully
2025-03-06T13:20:18: 
2025-03-06T13:20:18: 🔄 Starting Teams and Drivers scraper...
2025-03-06T13:20:18: Scraping data for year: 2017 from URL: https://web.archive.org/web/20171201034903/http://www.fiaformula2.com/Teams-and-Drivers
2025-03-06T13:20:47: Scraping data for year: 2018 from URL: https://web.archive.org/web/20181109085950/http://www.fiaformula2.com/Teams-and-Drivers
2025-03-06T13:21:08: Scraping data for year: 2019 from URL: https://web.archive.org/web/20190904102437/http://www.fiaformula2.com/Teams-and-Drivers
2025-03-06T13:21:29: Scraping data for year: 2020 from URL: https://web.archive.org/web/20201230055450/http://www.fiaformula2.com/Teams-and-Drivers
2025-03-06T13:22:08: Scraping data for year: 2021 from URL: https://web.archive.org/web/20211203193245/http://www.fiaformula2.com/Teams-and-Drivers
2025-03-06T13:22:40: 🚀 Starting F2 Data Scraper Background Service
2025-03-06T13:22:40: ⏰ Service will run every 30 minutes
2025-03-06T13:22:40: 
2025-03-06T13:22:40: 📊 Starting scraping cycle at 13:22:40
2025-03-06T13:22:40: 
2025-03-06T13:22:40: 🔄 Starting Driver Standings scraper...
2025-03-06T13:22:41: Browser instance created successfully
2025-03-06T13:22:41: New page created
2025-03-06T13:22:50: Page loaded successfully
2025-03-06T13:22:50: Content loaded successfully
2025-03-06T13:22:50: Data extracted successfully
2025-03-06T13:22:50: Data saved to file successfully
2025-03-06T13:22:50: Browser closed
2025-03-06T13:22:50: ✅ Driver Standings completed and saved successfully
2025-03-06T13:22:52: 
2025-03-06T13:22:52: 🔄 Starting Team Standings scraper...
2025-03-06T13:22:53: Browser instance created successfully
2025-03-06T13:22:53: New page created
2025-03-06T13:22:56: Page loaded successfully
2025-03-06T13:22:56: Content loaded successfully
2025-03-06T13:22:56: Data extracted successfully
2025-03-06T13:22:56: Data saved to file successfully
2025-03-06T13:22:57: Browser closed
2025-03-06T13:22:57: ✅ Team Standings completed and saved successfully
2025-03-06T13:22:59: 
2025-03-06T13:22:59: 🔄 Starting Calendar scraper...
2025-03-06T13:22:59: Fetching data for seasonId: 174
2025-03-06T13:23:02: Fetching data for seasonId: 175
2025-03-06T13:23:05: Fetching data for seasonId: 176
2025-03-06T13:23:08: Fetching data for seasonId: 177
2025-03-06T13:23:11: Fetching data for seasonId: 178
2025-03-06T13:23:13: Fetching data for seasonId: 179
2025-03-06T13:23:15: Fetching data for seasonId: 180
2025-03-06T13:23:17: Fetching data for seasonId: 181
2025-03-06T13:23:19: Fetching data for seasonId: 182
2025-03-06T13:24:21: No data found for seasonId: 182
2025-03-06T13:24:22: ✅ Calendar completed and saved successfully
2025-03-06T13:24:24: 
2025-03-06T13:24:24: 🔄 Starting Teams and Drivers scraper...
2025-03-06T13:24:24: Scraping data for year: 2017 from URL: https://web.archive.org/web/20171201034903/http://www.fiaformula2.com/Teams-and-Drivers
2025-03-06T13:24:33: Scraping data for year: 2018 from URL: https://web.archive.org/web/20181109085950/http://www.fiaformula2.com/Teams-and-Drivers
2025-03-06T13:24:42: Scraping data for year: 2019 from URL: https://web.archive.org/web/20190904102437/http://www.fiaformula2.com/Teams-and-Drivers
2025-03-06T13:24:51: Scraping data for year: 2020 from URL: https://web.archive.org/web/20201230055450/http://www.fiaformula2.com/Teams-and-Drivers
2025-03-06T13:24:57: Scraping data for year: 2021 from URL: https://web.archive.org/web/20211203193245/http://www.fiaformula2.com/Teams-and-Drivers
2025-03-06T13:25:05: Scraping data for year: 2022 from URL: https://web.archive.org/web/20221209121832/http://www.fiaformula2.com/Teams-and-Drivers
2025-03-06T13:25:20: Scraping data for year: 2023 from URL: https://web.archive.org/web/20231203234515/http://www.fiaformula2.com/Teams-and-Drivers
2025-03-06T13:25:43: Scraping data for year: 2024 from URL: https://web.archive.org/web/20241203011952/http://www.fiaformula2.com/Teams-and-Drivers
2025-03-06T13:26:16: Scraping data for year: 2025 from URL: https://www.fiaformula2.com/Teams-and-Drivers
2025-03-06T13:26:24: ✅ Teams and Drivers completed and saved successfully
2025-03-06T13:26:26: 
2025-03-06T13:26:26: ✨ Scraping cycle completed in 226.1 seconds
2025-03-06T13:26:26: 📅 Next update will start at 13:56:26
2025-03-06T13:26:26: 
2025-03-06T13:56:26: 
2025-03-06T13:56:26: 📊 Starting scraping cycle at 13:56:26
2025-03-06T13:56:26: 
2025-03-06T13:56:26: 🔄 Starting Driver Standings scraper...
2025-03-06T13:56:27: Browser instance created successfully
2025-03-06T13:56:27: New page created
2025-03-06T13:56:31: Page loaded successfully
2025-03-06T13:56:31: Content loaded successfully
2025-03-06T13:56:31: Data extracted successfully
2025-03-06T13:56:31: Data saved to file successfully
2025-03-06T13:56:31: Browser closed
2025-03-06T13:56:31: ✅ Driver Standings completed and saved successfully
2025-03-06T13:56:33: 
2025-03-06T13:56:33: 🔄 Starting Team Standings scraper...
2025-03-06T13:56:34: Browser instance created successfully
2025-03-06T13:56:34: New page created
2025-03-06T13:56:37: Page loaded successfully
2025-03-06T13:56:37: Content loaded successfully
2025-03-06T13:56:37: Data extracted successfully
2025-03-06T13:56:37: Data saved to file successfully
2025-03-06T13:56:37: Browser closed
2025-03-06T13:56:37: ✅ Team Standings completed and saved successfully
2025-03-06T13:56:39: 
2025-03-06T13:56:39: 🔄 Starting Calendar scraper...
2025-03-06T13:56:40: Fetching data for seasonId: 174
2025-03-06T13:56:43: Fetching data for seasonId: 175
2025-03-06T13:56:46: Fetching data for seasonId: 176
2025-03-06T13:56:48: Fetching data for seasonId: 177
2025-03-06T13:56:52: Fetching data for seasonId: 178
2025-03-06T13:56:54: Fetching data for seasonId: 179
2025-03-06T13:56:56: Fetching data for seasonId: 180
2025-03-06T13:56:59: Fetching data for seasonId: 181
2025-03-06T13:57:01: Fetching data for seasonId: 182
2025-03-06T13:58:03: No data found for seasonId: 182
2025-03-06T13:58:03: ✅ Calendar completed and saved successfully
2025-03-06T13:58:05: 
2025-03-06T13:58:05: 🔄 Starting Teams and Drivers scraper...
2025-03-06T13:58:06: Scraping data for year: 2017 from URL: https://web.archive.org/web/20171201034903/http://www.fiaformula2.com/Teams-and-Drivers
2025-03-06T13:58:33: Scraping data for year: 2018 from URL: https://web.archive.org/web/20181109085950/http://www.fiaformula2.com/Teams-and-Drivers
2025-03-06T13:58:52: Scraping data for year: 2019 from URL: https://web.archive.org/web/20190904102437/http://www.fiaformula2.com/Teams-and-Drivers
2025-03-06T13:59:09: Scraping data for year: 2020 from URL: https://web.archive.org/web/20201230055450/http://www.fiaformula2.com/Teams-and-Drivers
2025-03-06T13:59:38: Scraping data for year: 2021 from URL: https://web.archive.org/web/20211203193245/http://www.fiaformula2.com/Teams-and-Drivers
2025-03-06T14:00:03: Scraping data for year: 2022 from URL: https://web.archive.org/web/20221209121832/http://www.fiaformula2.com/Teams-and-Drivers
2025-03-06T14:00:22: Scraping data for year: 2023 from URL: https://web.archive.org/web/20231203234515/http://www.fiaformula2.com/Teams-and-Drivers
2025-03-06T14:00:46: Scraping data for year: 2024 from URL: https://web.archive.org/web/20241203011952/http://www.fiaformula2.com/Teams-and-Drivers
2025-03-06T14:01:07: Scraping data for year: 2025 from URL: https://www.fiaformula2.com/Teams-and-Drivers
2025-03-06T14:01:10: ✅ Teams and Drivers completed and saved successfully
2025-03-06T14:01:12: 
2025-03-06T14:01:12: ✨ Scraping cycle completed in 285.2 seconds
2025-03-06T14:01:12: 📅 Next update will start at 14:31:12
2025-03-06T14:01:12: 
2025-03-06T14:26:26: 
2025-03-06T14:26:26: 📊 Starting scraping cycle at 14:26:26
2025-03-06T14:26:26: 
2025-03-06T14:26:26: 🔄 Starting Driver Standings scraper...
2025-03-06T14:26:27: Browser instance created successfully
2025-03-06T14:26:27: New page created
2025-03-06T14:26:31: Page loaded successfully
2025-03-06T14:26:31: Content loaded successfully
2025-03-06T14:26:31: Data extracted successfully
2025-03-06T14:26:31: Data saved to file successfully
2025-03-06T14:26:31: Browser closed
2025-03-06T14:26:31: ✅ Driver Standings completed and saved successfully
2025-03-06T14:26:33: 
2025-03-06T14:26:33: 🔄 Starting Team Standings scraper...
2025-03-06T14:26:34: Browser instance created successfully
2025-03-06T14:26:34: New page created
2025-03-06T14:26:40: Page loaded successfully
2025-03-06T14:26:40: Content loaded successfully
2025-03-06T14:26:40: Data extracted successfully
2025-03-06T14:26:40: Data saved to file successfully
2025-03-06T14:26:41: Browser closed
2025-03-06T14:26:41: ✅ Team Standings completed and saved successfully
2025-03-06T14:26:43: 
2025-03-06T14:26:43: 🔄 Starting Calendar scraper...
2025-03-06T14:26:43: Fetching data for seasonId: 174
2025-03-06T14:26:49: Fetching data for seasonId: 175
2025-03-06T14:26:51: Fetching data for seasonId: 176
2025-03-06T14:26:55: Fetching data for seasonId: 177
2025-03-06T14:26:58: Fetching data for seasonId: 178
2025-03-06T14:27:03: Fetching data for seasonId: 179
2025-03-06T14:27:06: Fetching data for seasonId: 180
2025-03-06T14:27:09: Fetching data for seasonId: 181
2025-03-06T14:27:13: Fetching data for seasonId: 182
2025-03-06T14:28:15: No data found for seasonId: 182
2025-03-06T14:28:16: ✅ Calendar completed and saved successfully
2025-03-06T14:28:18: 
2025-03-06T14:28:18: 🔄 Starting Teams and Drivers scraper...
2025-03-06T14:28:18: Scraping data for year: 2017 from URL: https://web.archive.org/web/20171201034903/http://www.fiaformula2.com/Teams-and-Drivers
2025-03-06T14:28:43: Scraping data for year: 2018 from URL: https://web.archive.org/web/20181109085950/http://www.fiaformula2.com/Teams-and-Drivers
2025-03-06T14:29:01: Scraping data for year: 2019 from URL: https://web.archive.org/web/20190904102437/http://www.fiaformula2.com/Teams-and-Drivers
2025-03-06T14:29:19: Scraping data for year: 2020 from URL: https://web.archive.org/web/20201230055450/http://www.fiaformula2.com/Teams-and-Drivers
2025-03-06T14:30:02: Scraping data for year: 2021 from URL: https://web.archive.org/web/20211203193245/http://www.fiaformula2.com/Teams-and-Drivers
2025-03-06T14:30:25: Scraping data for year: 2022 from URL: https://web.archive.org/web/20221209121832/http://www.fiaformula2.com/Teams-and-Drivers
2025-03-06T14:30:46: Scraping data for year: 2023 from URL: https://web.archive.org/web/20231203234515/http://www.fiaformula2.com/Teams-and-Drivers
2025-03-06T14:31:14: Scraping data for year: 2024 from URL: https://web.archive.org/web/20241203011952/http://www.fiaformula2.com/Teams-and-Drivers
2025-03-06T14:31:43: Scraping data for year: 2025 from URL: https://www.fiaformula2.com/Teams-and-Drivers
2025-03-06T14:31:49: ✅ Teams and Drivers completed and saved successfully
2025-03-06T14:31:51: 
2025-03-06T14:31:51: ✨ Scraping cycle completed in 324.9 seconds
2025-03-06T14:31:51: 📅 Next update will start at 15:01:51
2025-03-06T14:31:51: 
